<?xml version="1.0" encoding="UTF-8"?>
<!-- Generated by org.testng.reporters.JUnitXMLReporter -->
<testsuite ignored="0" hostname="bhoomi" failures="0" tests="2" name="Test" time="1.098" errors="0" timestamp="06 Jul 2024 05:33:25 GMT">
  <testcase classname="com.bankinternet.testcases.Baseclass" name="@BeforeClass setup" time="0.267">
    <failure type="java.lang.IllegalStateException" message="The driver executable does not exist: C:\Users\gaura\eclipse-workspace\bankinternet\.\Drivers\chromedriver.exe">
      <![CDATA[java.lang.IllegalStateException: The driver executable does not exist: C:\Users\gaura\eclipse-workspace\bankinternet\.\Drivers\chromedriver.exe
at com.google.common.base.Preconditions.checkState(Preconditions.java:585)
at org.openqa.selenium.remote.service.DriverService.checkExecutable(DriverService.java:137)
at org.openqa.selenium.remote.service.DriverService.findExecutable(DriverService.java:132)
at org.openqa.selenium.chrome.ChromeDriverService.access$000(ChromeDriverService.java:35)
at org.openqa.selenium.chrome.ChromeDriverService$Builder.findDefaultExecutable(ChromeDriverService.java:156)
at org.openqa.selenium.remote.service.DriverService$Builder.build(DriverService.java:346)
at org.openqa.selenium.chrome.ChromeDriverService.createDefaultService(ChromeDriverService.java:91)
at org.openqa.selenium.chrome.ChromeDriver.<init>(ChromeDriver.java:123)
at com.bankinternet.testcases.Baseclass.setup(Baseclass.java:45)
... Removed 26 stack frames]]>
    </failure>
  </testcase> <!-- @BeforeClass setup -->
  <testcase classname="com.bankinternet.testcases.Baseclass" name="@AfterClass teardown" time="0.0">
    <skipped/>
  </testcase> <!-- @AfterClass teardown -->
  <testcase classname="com.bankinternet.testcases.TC_EditCustomer_003" name="EditCustomer" time="0.0">
    <skipped/>
  </testcase> <!-- EditCustomer -->
  <testcase classname="com.bankinternet.testcases.TC_EditCustomer_003" name="EditCustomer" time="0.0">
    <skipped/>
  </testcase> <!-- EditCustomer -->
</testsuite> <!-- Test -->
